<?xml version="1.0" encoding="UTF-8"?>
<!-- Generated by org.testng.reporters.JUnitReportReporter -->
<testsuite hostname="Aarya" failures="0" tests="2" name="testCases.LoginPageTest" time="13.199" errors="0" timestamp="24 Feb 2021 04:19:55 GMT">
  <testcase classname="testCases.LoginPageTest" name="loginTestPage" time="7.086"/>
  <testcase classname="testCases.LoginPageTest" name="LoginTest" time="6.113"/>
</testsuite> <!-- testCases.LoginPageTest -->
