<?xml version="1.0" encoding="UTF-8"?>
<!-- Generated by org.testng.reporters.JUnitReportReporter -->
<testsuite hostname="Aarya" failures="0" tests="2" name="testCases.LoginPageTest" time="20.848" errors="0" timestamp="24 Feb 2021 04:20:45 GMT">
  <testcase classname="testCases.LoginPageTest" name="loginTestPage" time="9.163"/>
  <testcase classname="testCases.LoginPageTest" name="LoginTest" time="11.685"/>
</testsuite> <!-- testCases.LoginPageTest -->
